<?xml version="1.0" encoding="UTF-8"?>
<testsuite xmlns:xsi="http://www.w3.org/2001/XMLSchema-instance" xsi:noNamespaceSchemaLocation="https://maven.apache.org/surefire/maven-surefire-plugin/xsd/surefire-test-report.xsd" name="com.khm.reactivepostgres.MemberControllerTest" time="6.034" tests="2" errors="2" skipped="0" failures="0">
  <properties>
[...]
</properties>
  <testcase name="getAll" classname="com.khm.reactivepostgres.MemberControllerTest" time="0.8">
    <error message="execute; bad SQL grammar [DELETE FROM professor]; nested exception is io.r2dbc.postgresql.ExceptionFactory$PostgresqlBadGrammarException: [42P01] relation &quot;professor&quot; does not exist" type="org.springframework.r2dbc.BadSqlGrammarException">org.springframework.r2dbc.BadSqlGrammarException: execute; bad SQL grammar [DELETE FROM professor]; nested exception is io.r2dbc.postgresql.ExceptionFactory$PostgresqlBadGrammarException: [42P01] relation "professor" does not exist
Caused by: io.r2dbc.postgresql.ExceptionFactory$PostgresqlBadGrammarException: relation "professor" does not exist
</error>
    <system-out><![CDATA[16:36:41.794 [main] DEBUG org.springframework.test.context.BootstrapUtils - Instantiating CacheAwareContextLoaderDelegate from class [org.springframework.test.context.cache.DefaultCacheAwareContextLoaderDelegate]
16:36:41.805 [main] DEBUG org.springframework.test.context.BootstrapUtils - Instantiating BootstrapContext using constructor [public org.springframework.test.context.support.DefaultBootstrapContext(java.lang.Class,org.springframework.test.context.CacheAwareContextLoaderDelegate)]
16:36:41.842 [main] DEBUG org.springframework.test.context.BootstrapUtils - Instantiating TestContextBootstrapper for test class [com.khm.reactivepostgres.MemberControllerTest] from class [org.springframework.boot.test.context.SpringBootTestContextBootstrapper]
16:36:41.852 [main] INFO org.springframework.boot.test.context.SpringBootTestContextBootstrapper - Neither @ContextConfiguration nor @ContextHierarchy found for test class [com.khm.reactivepostgres.MemberControllerTest], using SpringBootContextLoader
16:36:41.856 [main] DEBUG org.springframework.test.context.support.AbstractContextLoader - Did not detect default resource location for test class [com.khm.reactivepostgres.MemberControllerTest]: class path resource [com/khm/reactivepostgres/MemberControllerTest-context.xml] does not exist
16:36:41.857 [main] DEBUG org.springframework.test.context.support.AbstractContextLoader - Did not detect default resource location for test class [com.khm.reactivepostgres.MemberControllerTest]: class path resource [com/khm/reactivepostgres/MemberControllerTestContext.groovy] does not exist
16:36:41.857 [main] INFO org.springframework.test.context.support.AbstractContextLoader - Could not detect default resource locations for test class [com.khm.reactivepostgres.MemberControllerTest]: no resource found for suffixes {-context.xml, Context.groovy}.
16:36:41.857 [main] INFO org.springframework.test.context.support.AnnotationConfigContextLoaderUtils - Could not detect default configuration classes for test class [com.khm.reactivepostgres.MemberControllerTest]: MemberControllerTest does not declare any static, non-private, non-final, nested classes annotated with @Configuration.
16:36:42.010 [main] DEBUG org.springframework.context.annotation.ClassPathScanningCandidateComponentProvider - Identified candidate component class: file [C:\Users\jpedr\Desktop\Mestrado\1_ano\IS\ServerSide\target\classes\com\khm\reactivepostgres\ReactivePostgresApplication.class]
16:36:42.012 [main] INFO org.springframework.boot.test.context.SpringBootTestContextBootstrapper - Found @SpringBootConfiguration com.khm.reactivepostgres.ReactivePostgresApplication for test class com.khm.reactivepostgres.MemberControllerTest
16:36:42.116 [main] DEBUG org.springframework.boot.test.context.SpringBootTestContextBootstrapper - @TestExecutionListeners is not present for class [com.khm.reactivepostgres.MemberControllerTest]: using defaults.
16:36:42.117 [main] INFO org.springframework.boot.test.context.SpringBootTestContextBootstrapper - Loaded default TestExecutionListener class names from location [META-INF/spring.factories]: [org.springframework.boot.test.mock.mockito.MockitoTestExecutionListener, org.springframework.boot.test.mock.mockito.ResetMocksTestExecutionListener, org.springframework.boot.test.autoconfigure.restdocs.RestDocsTestExecutionListener, org.springframework.boot.test.autoconfigure.web.client.MockRestServiceServerResetTestExecutionListener, org.springframework.boot.test.autoconfigure.web.servlet.MockMvcPrintOnlyOnFailureTestExecutionListener, org.springframework.boot.test.autoconfigure.web.servlet.WebDriverTestExecutionListener, org.springframework.boot.test.autoconfigure.webservices.client.MockWebServiceServerTestExecutionListener, org.springframework.test.context.web.ServletTestExecutionListener, org.springframework.test.context.support.DirtiesContextBeforeModesTestExecutionListener, org.springframework.test.context.support.DependencyInjectionTestExecutionListener, org.springframework.test.context.support.DirtiesContextTestExecutionListener, org.springframework.test.context.transaction.TransactionalTestExecutionListener, org.springframework.test.context.jdbc.SqlScriptsTestExecutionListener, org.springframework.test.context.event.EventPublishingTestExecutionListener]
16:36:42.138 [main] DEBUG org.springframework.boot.test.context.SpringBootTestContextBootstrapper - Skipping candidate TestExecutionListener [org.springframework.test.context.web.ServletTestExecutionListener] due to a missing dependency. Specify custom listener classes or make the default listener classes and their required dependencies available. Offending class: [javax/servlet/ServletContext]
16:36:42.157 [main] INFO org.springframework.boot.test.context.SpringBootTestContextBootstrapper - Using TestExecutionListeners: [org.springframework.test.context.support.DirtiesContextBeforeModesTestExecutionListener@6ccdb29f, org.springframework.boot.test.mock.mockito.MockitoTestExecutionListener@3adcc812, org.springframework.boot.test.autoconfigure.SpringBootDependencyInjectionTestExecutionListener@35432107, org.springframework.test.context.support.DirtiesContextTestExecutionListener@7b420819, org.springframework.test.context.transaction.TransactionalTestExecutionListener@7a1a14a4, org.springframework.test.context.jdbc.SqlScriptsTestExecutionListener@265adfad, org.springframework.test.context.event.EventPublishingTestExecutionListener@a3d9978, org.springframework.boot.test.mock.mockito.ResetMocksTestExecutionListener@61544ae6, org.springframework.boot.test.autoconfigure.restdocs.RestDocsTestExecutionListener@4b41dd5c, org.springframework.boot.test.autoconfigure.web.client.MockRestServiceServerResetTestExecutionListener@3b96c42e, org.springframework.boot.test.autoconfigure.web.servlet.MockMvcPrintOnlyOnFailureTestExecutionListener@5d066c7d, org.springframework.boot.test.autoconfigure.web.servlet.WebDriverTestExecutionListener@1e461e41, org.springframework.boot.test.autoconfigure.webservices.client.MockWebServiceServerTestExecutionListener@5ba88be8]
16:36:42.166 [main] DEBUG org.springframework.test.context.support.AbstractDirtiesContextTestExecutionListener - Before test class: context [DefaultTestContext@32c4e8b2 testClass = MemberControllerTest, testInstance = [null], testMethod = [null], testException = [null], mergedContextConfiguration = [ReactiveWebMergedContextConfiguration@64bce832 testClass = MemberControllerTest, locations = '{}', classes = '{class com.khm.reactivepostgres.ReactivePostgresApplication}', contextInitializerClasses = '[]', activeProfiles = '{test}', propertySourceLocations = '{}', propertySourceProperties = '{org.springframework.boot.test.context.SpringBootTestContextBootstrapper=true}', contextCustomizers = set[[ImportsContextCustomizer@764faa6 key = [org.springframework.boot.autoconfigure.security.oauth2.client.reactive.ReactiveOAuth2ClientAutoConfiguration, org.springframework.boot.autoconfigure.security.oauth2.resource.reactive.ReactiveOAuth2ResourceServerAutoConfiguration, org.springframework.boot.autoconfigure.security.reactive.ReactiveSecurityAutoConfiguration, org.springframework.boot.autoconfigure.security.reactive.ReactiveUserDetailsServiceAutoConfiguration, org.springframework.boot.test.autoconfigure.web.reactive.WebTestClientAutoConfiguration]], org.springframework.boot.test.context.filter.ExcludeFilterContextCustomizer@82de64a, org.springframework.boot.test.json.DuplicateJsonObjectContextCustomizerFactory$DuplicateJsonObjectContextCustomizer@47e2e487, org.springframework.boot.test.mock.mockito.MockitoContextCustomizer@0, org.springframework.boot.test.web.client.TestRestTemplateContextCustomizer@54e1c68b, org.springframework.boot.test.web.reactive.server.WebTestClientContextCustomizer@3f6f6701, org.springframework.boot.test.autoconfigure.actuate.metrics.MetricsExportContextCustomizerFactory$DisableMetricExportContextCustomizer@60bd273d, org.springframework.boot.test.autoconfigure.properties.PropertyMappingContextCustomizer@ec54a5c9, org.springframework.boot.test.autoconfigure.web.servlet.WebDriverContextCustomizerFactory$Customizer@38cee291, org.springframework.boot.test.context.SpringBootTestArgs@1, org.springframework.boot.test.context.SpringBootTestWebEnvironment@6a1aab78], contextLoader = 'org.springframework.boot.test.context.SpringBootContextLoader', parent = [null]], attributes = map[[empty]]], class annotated with @DirtiesContext [false] with mode [null].
16:36:42.181 [main] DEBUG org.springframework.test.context.support.DependencyInjectionTestExecutionListener - Performing dependency injection for test context [[DefaultTestContext@32c4e8b2 testClass = MemberControllerTest, testInstance = com.khm.reactivepostgres.MemberControllerTest@5bf8fa12, testMethod = [null], testException = [null], mergedContextConfiguration = [ReactiveWebMergedContextConfiguration@64bce832 testClass = MemberControllerTest, locations = '{}', classes = '{class com.khm.reactivepostgres.ReactivePostgresApplication}', contextInitializerClasses = '[]', activeProfiles = '{test}', propertySourceLocations = '{}', propertySourceProperties = '{org.springframework.boot.test.context.SpringBootTestContextBootstrapper=true}', contextCustomizers = set[[ImportsContextCustomizer@764faa6 key = [org.springframework.boot.autoconfigure.security.oauth2.client.reactive.ReactiveOAuth2ClientAutoConfiguration, org.springframework.boot.autoconfigure.security.oauth2.resource.reactive.ReactiveOAuth2ResourceServerAutoConfiguration, org.springframework.boot.autoconfigure.security.reactive.ReactiveSecurityAutoConfiguration, org.springframework.boot.autoconfigure.security.reactive.ReactiveUserDetailsServiceAutoConfiguration, org.springframework.boot.test.autoconfigure.web.reactive.WebTestClientAutoConfiguration]], org.springframework.boot.test.context.filter.ExcludeFilterContextCustomizer@82de64a, org.springframework.boot.test.json.DuplicateJsonObjectContextCustomizerFactory$DuplicateJsonObjectContextCustomizer@47e2e487, org.springframework.boot.test.mock.mockito.MockitoContextCustomizer@0, org.springframework.boot.test.web.client.TestRestTemplateContextCustomizer@54e1c68b, org.springframework.boot.test.web.reactive.server.WebTestClientContextCustomizer@3f6f6701, org.springframework.boot.test.autoconfigure.actuate.metrics.MetricsExportContextCustomizerFactory$DisableMetricExportContextCustomizer@60bd273d, org.springframework.boot.test.autoconfigure.properties.PropertyMappingContextCustomizer@ec54a5c9, org.springframework.boot.test.autoconfigure.web.servlet.WebDriverContextCustomizerFactory$Customizer@38cee291, org.springframework.boot.test.context.SpringBootTestArgs@1, org.springframework.boot.test.context.SpringBootTestWebEnvironment@6a1aab78], contextLoader = 'org.springframework.boot.test.context.SpringBootContextLoader', parent = [null]], attributes = map[[empty]]]].
16:36:42.212 [main] DEBUG org.springframework.core.env.StandardEnvironment - Activating profiles [test]
16:36:42.218 [main] DEBUG org.springframework.test.context.support.TestPropertySourceUtils - Adding inlined properties to environment: {spring.jmx.enabled=false, org.springframework.boot.test.context.SpringBootTestContextBootstrapper=true}

  .   ____          _            __ _ _
 /\\ / ___'_ __ _ _(_)_ __  __ _ \ \ \ \
( ( )\___ | '_ | '_| | '_ \/ _` | \ \ \ \
 \\/  ___)| |_)| | | | | || (_| |  ) ) ) )
  '  |____| .__|_| |_|_| |_\__, | / / / /
 =========|_|==============|___/=/_/_/_/
 :: Spring Boot ::                (v2.4.1)

2022-11-11 16:36:42.756  INFO 27204 --- [           main] c.k.r.MemberControllerTest               : Starting MemberControllerTest using Java 19 on LAPTOP-SNBV9EDH with PID 27204 (started by jpedr in C:\Users\jpedr\Desktop\Mestrado\1_ano\IS\ServerSide)
2022-11-11 16:36:42.759  INFO 27204 --- [           main] c.k.r.MemberControllerTest               : The following profiles are active: test
2022-11-11 16:36:43.745  INFO 27204 --- [           main] .s.d.r.c.RepositoryConfigurationDelegate : Bootstrapping Spring Data R2DBC repositories in DEFAULT mode.
2022-11-11 16:36:43.978  INFO 27204 --- [           main] .s.d.r.c.RepositoryConfigurationDelegate : Finished Spring Data repository scanning in 225 ms. Found 3 R2DBC repository interfaces.
2022-11-11 16:36:45.779 DEBUG 27204 --- [actor-tcp-nio-1] o.s.r2dbc.connection.init.ScriptUtils    : Executing SQL script from class path resource [schema.sql]
2022-11-11 16:36:46.050 DEBUG 27204 --- [actor-tcp-nio-1] o.s.r2dbc.connection.init.ScriptUtils    : 0 returned as update count for SQL: CREATE TABLE IF NOT EXISTS member ( id SERIAL PRIMARY KEY, name TEXT NOT NULL )
2022-11-11 16:36:46.069 DEBUG 27204 --- [actor-tcp-nio-1] o.s.r2dbc.connection.init.ScriptUtils    : 0 returned as update count for SQL: CREATE TABLE IF NOT EXISTS balance ( id TEXT PRIMARY KEY, balance integer NOT NULL )
2022-11-11 16:36:46.069 DEBUG 27204 --- [actor-tcp-nio-1] o.s.r2dbc.connection.init.ScriptUtils    : Executed SQL script from class path resource [schema.sql] in 290 ms.
2022-11-11 16:36:46.848  INFO 27204 --- [           main] c.k.r.MemberControllerTest               : Started MemberControllerTest in 4.619 seconds (JVM running for 5.893)
2022-11-11 16:36:47.524 DEBUG 27204 --- [actor-tcp-nio-2] o.s.r2dbc.core.DefaultDatabaseClient     : Executing SQL statement [CREATE TABLE IF NOT EXISTS member (id SERIAL PRIMARY KEY, name TEXT NOT NULL);]
2022-11-11 16:36:47.542  WARN 27204 --- [actor-tcp-nio-2] i.r.p.client.ReactorNettyClient          : Notice: SEVERITY_LOCALIZED=NOTICE, SEVERITY_NON_LOCALIZED=NOTICE, CODE=42P07, MESSAGE=relation "member" already exists, skipping, FILE=parse_utilcmd.c, LINE=212, ROUTINE=transformCreateStmt
2022-11-11 16:36:47.610 DEBUG 27204 --- [           main] o.s.r2dbc.core.DefaultDatabaseClient     : Executing SQL statement [DELETE FROM professor]
2022-11-11 16:36:47.622  WARN 27204 --- [actor-tcp-nio-1] i.r.p.client.ReactorNettyClient          : Error: SEVERITY_LOCALIZED=ERROR, SEVERITY_NON_LOCALIZED=ERROR, CODE=42P01, MESSAGE=relation "professor" does not exist, POSITION=13, FILE=parse_relation.c, LINE=1395, ROUTINE=parserOpenTable
]]></system-out>
  </testcase>
  <testcase name="getOne" classname="com.khm.reactivepostgres.MemberControllerTest" time="0.085">
    <error message="execute; bad SQL grammar [DELETE FROM professor]; nested exception is io.r2dbc.postgresql.ExceptionFactory$PostgresqlBadGrammarException: [42P01] relation &quot;professor&quot; does not exist" type="org.springframework.r2dbc.BadSqlGrammarException">org.springframework.r2dbc.BadSqlGrammarException: execute; bad SQL grammar [DELETE FROM professor]; nested exception is io.r2dbc.postgresql.ExceptionFactory$PostgresqlBadGrammarException: [42P01] relation "professor" does not exist
Caused by: io.r2dbc.postgresql.ExceptionFactory$PostgresqlBadGrammarException: relation "professor" does not exist
</error>
    <system-out><![CDATA[2022-11-11 16:36:47.736 DEBUG 27204 --- [actor-tcp-nio-3] o.s.r2dbc.core.DefaultDatabaseClient     : Executing SQL statement [CREATE TABLE IF NOT EXISTS member (id SERIAL PRIMARY KEY, name TEXT NOT NULL);]
2022-11-11 16:36:47.738  WARN 27204 --- [actor-tcp-nio-3] i.r.p.client.ReactorNettyClient          : Notice: SEVERITY_LOCALIZED=NOTICE, SEVERITY_NON_LOCALIZED=NOTICE, CODE=42P07, MESSAGE=relation "member" already exists, skipping, FILE=parse_utilcmd.c, LINE=212, ROUTINE=transformCreateStmt
2022-11-11 16:36:47.740 DEBUG 27204 --- [           main] o.s.r2dbc.core.DefaultDatabaseClient     : Executing SQL statement [DELETE FROM professor]
2022-11-11 16:36:47.743  WARN 27204 --- [actor-tcp-nio-1] i.r.p.client.ReactorNettyClient          : Error: SEVERITY_LOCALIZED=ERROR, SEVERITY_NON_LOCALIZED=ERROR, CODE=42P01, MESSAGE=relation "professor" does not exist, POSITION=13, FILE=parse_relation.c, LINE=1395, ROUTINE=parserOpenTable
]]></system-out>
  </testcase>
</testsuite>