-------------------------------------------------------------------------------
Test set: com.example.ClientSide.ClientSideApplicationTests
-------------------------------------------------------------------------------
Tests run: 1, Failures: 0, Errors: 1, Skipped: 0, Time elapsed: 0.342 s <<< FAILURE! - in com.example.ClientSide.ClientSideApplicationTests
com.example.ClientSide.ClientSideApplicationTests  Time elapsed: 0.341 s  <<< ERROR!
java.lang.IllegalStateException: Unable to find a @SpringBootConfiguration, you need to use @ContextConfiguration or @SpringBootTest(classes=...) with your test

